i	nuc	windows	bps
1	A	1	0
2	A	2	0
3	A	3	0
4	G	4	0
5	A	5	0
6	C	6	0
7	A	7	0
8	A	8	0
9	G	9	0
10	A	10	0
11	A	11	1
12	A	12	1
13	U	13	1
14	C	14	2
15	C	15	2
16	U	16	3
17	U	17	3
18	G	18	3
19	A	19	1
20	U	20	2
21	C	21	2
22	U	22	4
23	G	23	3
24	U	24	4
25	G	25	4
26	G	26	4
27	G	27	3
28	U	28	3
29	C	29	2
30	U	30	2
31	A	31	1
32	U	32	2
33	C	33	2
34	A	34	1
35	C	35	1
36	A	36	1
37	C	37	1
38	A	38	1
39	C	39	1
40	A	40	1
41	A	41	3
42	G	42	3
43	G	43	3
44	C	44	3
45	U	45	2
46	A	46	2
47	C	47	1
48	U	48	2
49	U	49	3
50	C	50	4
51	C	51	4
52	C	52	5
53	U	53	6
54	G	54	4
55	A	55	1
56	U	56	2
57	U	57	4
58	G	58	4
59	G	59	3
60	C	60	2
61	A	61	1
62	G	62	2
63	A	63	2
64	A	64	1
65	U	65	1
66	U	66	2
67	A	67	2
68	U	68	0
69	A	69	1
70	C	70	2
71	C	71	3
72	C	72	3
73	C	73	4
74	A	74	4
75	G	75	4
76	G	76	4
77	G	77	4
78	C	78	4
79	C	79	5
80	A	80	5
81	G	81	4
82	G	82	6
83	G	83	5
84	A	84	3
85	U	85	3
86	U	86	4
87	A	87	4
88	G	88	4
89	A	89	0
90	U	90	1
91	A	91	1
92	C	92	2
93	C	93	5
94	C	94	5
95	A	95	3
96	C	96	3
97	U	97	3
98	A	98	3
99	A	99	2
100	C	100	2
101	A	101	2
102	U	102	3
103	U	103	4
104	U	104	5
105	G	105	5
106	G	106	4
107	A	107	0
108	U	108	1
109	G	109	2
110	G	110	2
111	U	111	2
112	G	112	2
113	C	113	2
114	U	114	2
115	A	115	1
116	C	116	0
117	A	117	0
118	A	118	0
119	G	119	0
120	C	120	1
121	U	120	2
122	A	120	2
123	G	120	1
124	U	120	1
125	A	120	1
126	C	120	3
127	C	120	3
128	A	120	3
129	G	120	4
130	U	120	4
131	U	120	4
132	G	120	4
133	A	120	2
134	C	120	3
135	C	120	3
136	C	120	5
137	A	120	3
138	A	120	2
139	C	120	3
140	A	120	2
141	G	120	2
142	A	120	1
143	A	120	1
144	G	120	2
145	U	120	2
146	A	120	2
147	G	120	1
148	A	120	0
149	A	120	0
150	G	120	0
151	A	120	0
152	G	120	1
153	G	120	2
154	A	120	1
155	U	120	2
156	A	120	2
157	C	120	2
158	A	120	0
159	G	120	0
160	A	120	2
161	G	120	5
162	G	120	5
163	G	120	5
164	A	120	1
165	G	120	1
166	A	120	0
167	A	120	0
168	G	120	1
169	A	120	1
170	C	120	2
171	A	120	1
172	A	120	1
173	A	120	1
174	U	120	1
175	G	120	1
176	A	120	0
177	A	120	1
178	U	120	1
179	U	120	1
180	A	120	1
181	C	120	1
182	A	120	1
183	C	120	2
184	C	120	3
185	C	120	4
186	U	120	3
187	A	120	1
188	U	120	2
189	A	120	1
190	U	120	1
191	G	120	2
192	C	120	5
193	C	120	7
194	A	120	5
195	A	120	2
196	C	120	3
197	A	120	3
198	U	120	5
199	G	120	4
200	G	120	2
201	A	120	0
202	A	120	1
203	U	120	6
204	G	120	7
205	G	120	7
206	A	120	1
207	U	120	3
208	G	120	3
209	A	120	0
210	U	120	2
211	G	120	3
212	A	120	2
213	U	120	2
214	G	120	1
215	A	120	0
216	A	120	0
217	A	120	0
218	A	120	0
219	A	120	0
220	G	120	0
221	A	120	0
222	A	120	2
223	G	120	7
224	U	120	6
225	G	120	8
226	U	120	8
227	U	120	8
228	A	120	5
229	A	120	3
230	U	120	5
231	G	120	5
232	U	120	6
233	G	120	6
234	G	120	5
235	A	120	2
236	A	120	4
237	G	120	4
238	U	120	5
239	U	120	4
240	U	120	5
241	G	120	4
242	A	120	2
243	C	120	4
244	A	120	3
245	G	120	4
246	C	120	6
247	C	120	5
248	G	120	3
249	C	120	5
250	C	120	5
251	U	120	6
252	G	120	8
253	G	120	7
254	C	120	5
255	G	120	7
256	C	120	5
257	U	120	3
258	A	120	1
259	A	120	1
260	C	120	3
261	A	120	2
262	C	120	2
263	A	120	2
264	C	120	1
265	A	120	1
266	G	120	1
267	A	120	3
268	G	120	4
269	C	120	6
270	C	120	5
271	C	120	6
272	G	120	3
273	A	120	3
274	G	120	3
275	A	120	1
276	G	120	1
277	A	120	0
278	U	120	1
279	G	120	4
280	C	120	5
281	A	120	2
282	U	120	4
283	C	120	5
284	C	120	5
285	G	120	4
286	G	120	6
287	A	120	5
288	G	120	3
289	U	120	5
290	U	120	5
291	C	120	7
292	U	120	6
293	A	120	2
294	C	120	5
295	A	120	4
296	A	120	1
297	A	120	3
298	G	120	5
299	A	120	4
300	C	120	7
301	U	120	8
302	G	120	7
303	C	120	11
304	U	120	11
305	G	120	10
306	A	120	4
307	C	120	7
308	A	120	4
309	C	120	11
310	A	120	9
311	G	120	7
312	A	120	3
313	C	120	8
314	U	120	7
315	G	120	3
316	C	120	10
317	U	120	9
318	G	120	7
319	A	120	4
320	C	120	6
321	A	120	5
322	U	120	3
323	G	120	5
324	A	120	2
325	A	120	5
326	G	120	7
327	U	120	7
328	U	120	6
329	G	120	2
330	C	120	5
331	U	120	5
332	G	120	5
333	A	120	2
334	C	120	4
335	A	120	4
336	G	120	8
337	G	120	9
338	G	120	9
339	A	120	7
340	C	120	6
341	U	120	5
342	U	120	5
343	U	120	8
344	C	120	8
345	C	120	8
346	G	120	5
347	C	120	7
348	G	120	6
349	G	120	6
350	G	120	7
351	G	120	7
352	A	120	7
353	C	120	5
354	U	120	4
355	U	120	5
356	U	120	9
357	C	120	11
358	C	120	12
359	A	120	7
360	G	120	8
361	G	120	7
362	G	120	10
363	G	120	10
364	A	120	6
365	G	120	10
366	G	120	10
367	U	120	13
368	G	120	6
369	U	120	12
370	G	120	10
371	G	120	10
372	U	120	11
373	U	120	11
374	U	120	9
375	G	120	9
376	G	120	10
377	G	120	10
378	C	120	11
379	G	120	10
380	G	120	9
381	A	120	9
382	G	120	8
383	U	120	9
384	U	120	6
385	G	120	4
386	G	120	4
387	G	120	5
388	G	120	6
389	A	120	3
390	G	120	6
391	U	120	6
392	G	120	7
393	G	120	6
394	U	120	4
395	U	120	3
396	A	120	5
397	G	120	7
398	C	120	8
399	C	120	4
400	C	120	4
401	U	120	3
402	C	120	4
403	A	120	3
404	G	120	3
405	A	120	1
406	U	120	1
407	G	120	4
408	C	120	5
409	U	120	5
410	G	120	3
411	C	120	4
412	A	120	1
413	U	120	1
414	A	120	0
415	U	120	2
416	A	120	2
417	A	120	5
418	G	120	7
419	C	120	7
420	A	120	5
421	G	120	7
422	C	120	5
423	U	120	2
424	G	120	7
425	C	120	6
426	U	120	4
427	U	120	4
428	U	120	2
429	U	120	2
430	C	120	3
431	G	120	7
432	C	120	7
433	C	120	6
434	U	120	7
435	G	120	6
436	U	120	6
437	G	120	7
438	C	120	8
439	U	120	6
440	G	120	6
441	G	120	6
442	G	120	7
443	U	120	6
444	C	120	5
445	U	120	6
446	C	120	7
447	U	120	7
448	C	120	5
449	U	120	5
450	G	120	4
451	G	120	2
452	U	120	3
453	C	120	2
454	G	120	3
455	G	120	3
456	A	120	4
457	C	120	4
458	C	120	4
459	A	120	4
460	G	120	3
461	A	120	4
462	U	120	1
463	U	120	3
464	G	120	5
465	A	120	4
466	G	120	4
467	C	120	6
468	C	120	4
469	U	120	3
470	G	120	5
471	G	120	7
472	G	120	7
473	A	120	6
474	G	120	4
475	C	120	4
476	U	120	4
477	C	120	7
478	U	120	7
479	C	120	7
480	U	120	4
481	G	120	7
482	G	120	6
483	C	120	7
484	C	120	5
485	A	120	6
486	G	120	7
487	C	120	6
488	U	120	5
489	A	120	4
490	G	120	6
491	G	120	6
492	G	120	4
493	A	120	2
494	A	120	1
495	C	120	2
496	C	120	4
497	C	120	6
498	A	120	5
499	C	120	5
500	U	120	6
501	G	120	9
502	C	120	9
503	U	120	7
504	U	120	6
505	A	120	5
506	A	120	3
507	G	120	6
508	C	120	6
509	C	120	4
510	U	120	2
511	C	120	2
512	A	120	2
513	A	120	2
514	U	120	0
515	A	120	1
516	A	120	1
517	A	120	2
518	G	120	3
519	C	120	4
520	U	120	4
521	U	120	4
522	G	120	6
523	C	120	3
524	C	120	3
525	U	120	5
526	U	120	5
527	G	120	7
528	A	120	6
529	G	120	6
530	U	120	5
531	G	120	5
532	C	120	4
533	U	120	4
534	U	120	4
535	C	120	3
536	A	120	1
537	A	120	1
538	A	120	0
539	A	120	0
540	A	120	0
541	R	120	0
542	A	120	3
543	G	120	3
544	U	120	2
545	G	120	3
546	U	120	3
547	G	120	3
548	C	120	3
549	C	120	3
550	C	120	1
551	G	120	2
552	U	120	2
553	C	120	2
554	U	120	1
555	G	120	2
556	U	120	1
557	U	120	1
558	G	120	2
559	U	120	0
560	A	120	0
561	U	120	0
562	G	120	3
563	A	120	3
564	C	120	3
565	U	120	3
566	C	120	5
567	U	120	5
568	G	120	6
569	G	120	6
570	U	120	3
571	A	120	3
572	A	120	3
573	C	120	5
574	U	120	5
575	A	120	3
576	G	120	6
577	A	120	6
578	G	120	7
579	A	120	3
580	U	120	5
581	C	120	4
582	C	120	4
583	C	120	4
584	U	120	3
585	C	120	3
586	A	120	2
587	G	120	2
588	A	120	2
589	C	120	3
590	C	120	5
591	A	120	4
592	C	120	5
593	U	120	4
594	C	120	3
595	U	120	3
596	A	120	3
597	A	120	4
598	G	120	6
599	C	120	5
600	G	120	6
601	G	120	6
602	U	120	6
603	G	120	3
604	U	120	2
605	A	120	0
606	A	120	0
607	A	120	0
608	A	120	0
609	A	120	2
610	U	120	3
611	C	120	4
612	U	120	3
613	C	120	4
614	U	120	4
615	A	120	3
616	G	120	3
617	C	120	4
618	A	120	4
619	G	120	6
620	U	120	4
621	G	120	7
622	G	120	8
623	C	120	8
624	G	120	7
625	C	120	6
626	C	120	4
627	C	120	5
628	G	120	4
629	A	120	3
630	A	120	1
631	C	120	1
632	A	120	2
633	G	120	4
634	G	120	4
635	G	120	3
636	A	120	4
637	C	120	4
638	U	120	6
639	C	120	6
640	G	120	4
641	A	120	1
642	A	120	2
643	A	120	3
644	G	120	4
645	C	120	5
646	G	120	4
647	A	120	2
648	A	120	1
649	A	120	3
650	G	120	5
651	U	120	5
652	U	120	6
653	C	120	5
654	C	120	3
655	A	120	2
656	G	120	3
657	A	120	3
658	G	120	3
659	A	120	2
660	A	120	1
661	G	120	1
662	U	120	1
663	U	120	5
664	C	120	6
665	U	120	6
666	C	120	5
667	U	120	5
668	C	120	6
669	G	120	5
670	A	120	4
671	C	120	7
672	G	120	7
673	C	120	7
674	A	120	3
675	G	120	8
676	G	120	4
677	A	120	5
678	C	120	6
679	U	120	8
680	C	120	6
681	G	120	6
682	G	120	4
683	C	120	5
684	U	120	6
685	U	120	7
686	G	120	6
687	C	120	7
688	U	120	7
689	G	120	6
690	A	120	3
691	G	120	4
692	U	120	5
693	G	120	3
694	C	120	5
695	A	120	2
696	C	120	4
697	A	120	2
698	C	120	5
699	A	120	3
700	G	120	5
701	C	120	5
702	A	120	4
703	A	120	2
704	G	120	4
705	A	120	2
706	G	120	4
707	G	120	5
708	C	120	6
709	G	120	4
710	A	120	2
711	G	120	2
712	A	120	0
713	G	120	7
714	C	120	9
715	G	120	5
716	G	120	5
717	C	120	8
718	G	120	4
719	A	120	3
720	C	120	6
721	U	120	7
722	G	120	4
723	G	120	4
724	U	120	6
725	G	120	6
726	A	120	3
727	G	120	6
728	U	120	5
729	A	120	3
730	C	120	6
731	G	120	3
732	C	120	4
733	C	120	4
734	U	120	1
735	A	120	1
736	A	120	0
737	A	120	0
738	G	120	1
739	A	120	1
740	U	120	2
741	U	120	2
742	U	120	3
743	U	120	3
744	U	120	3
745	G	120	2
746	A	120	0
747	C	120	3
748	U	120	3
749	A	120	1
750	G	120	3
751	C	120	4
752	G	120	2
753	G	120	1
754	A	120	0
755	G	120	2
756	G	120	4
757	C	120	4
758	U	120	4
759	A	120	3
760	G	120	4
761	A	120	2
762	A	120	1
763	G	120	5
764	G	120	4
765	A	120	4
766	G	120	3
767	A	120	3
768	G	120	3
769	A	120	4
770	G	120	3
771	A	120	3
772	U	120	4
773	G	120	5
774	G	120	4
775	G	120	6
776	U	120	8
777	G	120	6
778	C	120	8
779	G	120	3
780	A	120	3
781	G	120	1
782	A	120	2
783	G	120	6
784	C	120	7
785	G	120	5
786	U	120	9
787	C	120	9
788	A	120	3
789	G	120	7
790	U	120	7
791	A	120	3
792	U	120	4
793	U	120	4
794	A	120	1
795	A	120	2
796	G	120	6
797	C	120	7
798	G	120	2
799	G	120	4
800	G	120	6
801	G	120	3
802	G	120	1
803	A	120	0
804	A	120	0
805	A	120	0
806	A	120	1
807	U	120	3
808	U	120	3
809	A	120	2
810	G	120	3
811	A	120	4
812	U	120	5
813	G	120	5
814	C	120	5
815	A	120	2
816	U	120	5
817	G	120	2
818	G	120	3
819	G	120	1
820	A	120	2
821	A	120	1
822	A	120	0
823	A	120	0
824	A	120	0
825	A	120	0
826	U	120	6
827	U	120	7
828	C	120	7
829	G	120	3
830	G	120	4
831	C	120	6
832	U	120	4
833	A	120	1
834	A	120	1
835	G	120	2
836	G	120	4
837	C	120	5
838	C	120	4
839	A	120	1
840	G	120	1
841	G	120	1
842	G	120	1
843	G	120	1
844	G	120	1
845	A	120	0
846	A	120	0
847	A	120	0
848	G	120	0
849	A	120	0
850	A	120	0
851	A	120	0
852	A	120	0
853	A	120	0
854	A	120	0
855	U	120	0
856	A	120	0
857	U	120	1
858	A	120	1
859	G	120	1
860	A	120	1
861	A	120	0
862	U	120	0
863	A	120	0
864	A	120	0
865	A	120	1
866	A	120	1
867	C	120	4
868	A	120	2
869	U	120	5
870	C	120	5
871	U	120	5
872	A	120	4
873	G	120	3
874	U	120	3
875	A	120	1
876	U	120	1
877	G	120	2
878	G	120	2
879	G	120	1
880	C	120	1
881	A	120	1
882	A	119	2
883	G	118	3
884	C	117	3
885	A	116	0
886	G	115	1
887	A	114	1
888	G	113	2
889	A	112	1
890	G	111	3
891	C	110	3
892	U	109	3
893	G	108	1
894	G	107	1
895	A	106	0
896	A	105	0
897	A	104	1
898	G	103	1
899	A	102	0
900	U	101	1
901	U	100	2
902	C	99	2
903	G	98	0
904	C	97	2
905	G	96	2
906	C	95	2
907	U	94	2
908	U	93	2
909	A	92	1
910	A	91	1
911	C	90	4
912	C	89	4
913	C	88	4
914	U	87	4
915	G	86	4
916	G	85	3
917	C	84	3
918	C	83	3
919	U	82	3
920	G	81	2
921	U	80	2
922	U	79	3
923	A	78	1
924	G	77	2
925	A	76	1
926	A	75	1
927	A	74	0
928	C	73	0
929	A	72	2
930	G	71	3
931	C	70	3
932	A	69	3
933	G	68	1
934	A	67	0
935	A	66	1
936	G	65	2
937	G	64	0
938	A	63	1
939	U	62	2
940	G	61	2
941	U	60	2
942	C	59	1
943	A	58	1
944	A	57	0
945	C	56	1
946	A	55	0
947	A	54	0
948	G	53	2
949	U	52	3
950	G	51	2
951	C	50	3
952	U	49	3
953	A	48	1
954	G	47	1
955	A	46	1
956	A	45	0
957	C	44	0
958	A	43	1
959	G	42	2
960	U	41	2
961	U	40	2
962	A	39	0
963	C	38	0
964	A	37	0
965	A	36	0
966	U	35	0
967	C	34	0
968	A	33	1
969	A	32	1
970	C	31	1
971	U	30	1
972	C	29	0
973	U	28	0
974	U	27	0
975	A	26	0
976	A	25	0
977	G	24	1
978	A	23	1
979	C	22	1
980	A	21	1
981	G	20	1
982	G	19	1
983	A	18	0
984	U	17	1
985	C	16	1
986	A	15	1
987	G	14	1
988	A	13	0
989	A	12	0
990	G	11	0
991	A	10	0
992	A	9	0
993	C	8	0
994	U	7	0
995	U	6	0
996	A	5	0
997	G	4	0
998	G	3	0
999	U	2	0
1000	C	1	0
