i	nuc	windows	bps
1	U	1	0
2	U	2	0
3	G	3	1
4	C	4	1
5	U	5	1
6	C	6	0
7	A	7	1
8	A	8	1
9	G	9	2
10	A	10	2
11	U	11	1
12	A	12	2
13	U	13	1
14	A	14	0
15	A	15	1
16	U	16	1
17	U	17	1
18	G	18	1
19	A	19	1
20	U	20	2
21	G	21	2
22	A	22	2
23	U	23	1
24	A	24	1
25	A	25	1
26	U	26	0
27	A	27	1
28	A	28	2
29	U	29	2
30	G	30	2
31	A	31	1
32	A	32	1
33	U	33	2
34	A	34	2
35	U	35	3
36	U	36	4
37	U	37	3
38	G	38	3
39	U	39	2
40	G	40	2
41	C	41	2
42	A	42	2
43	A	43	2
44	U	44	1
45	U	45	0
46	A	46	0
47	U	47	3
48	U	48	3
49	G	49	3
50	U	50	3
51	U	51	1
52	U	52	1
53	C	53	2
54	A	54	2
55	A	55	2
56	U	56	2
57	A	57	3
58	G	58	2
59	C	59	3
60	A	60	3
61	U	61	4
62	U	62	4
63	U	63	2
64	A	64	1
65	U	65	2
66	C	66	1
67	U	67	3
68	U	68	3
69	A	69	3
70	U	70	3
71	C	71	3
72	A	72	3
73	A	73	3
74	U	74	3
75	G	75	4
76	U	76	5
77	U	77	6
78	U	78	4
79	U	79	5
80	C	80	4
81	A	81	1
82	G	82	3
83	U	83	4
84	U	84	2
85	A	85	2
86	C	86	3
87	G	87	2
88	A	88	2
89	A	89	3
90	U	90	4
91	U	91	3
92	G	92	3
93	C	93	3
94	C	94	3
95	C	95	3
96	U	96	2
97	A	97	2
98	U	98	2
99	G	99	0
100	A	100	0
101	U	101	3
102	G	102	3
103	U	103	3
104	G	104	2
105	A	105	3
106	G	106	3
107	G	107	3
108	A	108	2
109	A	109	2
110	A	110	2
111	U	111	4
112	U	112	3
113	G	113	3
114	G	114	3
115	G	115	2
116	U	116	3
117	U	117	1
118	A	118	2
119	C	119	4
120	A	120	3
121	A	120	3
122	A	120	2
123	G	120	3
124	A	120	4
125	G	120	3
126	A	120	4
127	A	120	2
128	A	120	1
129	A	120	0
130	G	120	3
131	U	120	3
132	U	120	3
133	A	120	2
134	A	120	0
135	A	120	1
136	A	120	2
137	A	120	4
138	C	120	5
139	A	120	4
140	A	120	4
141	G	120	4
142	U	120	7
143	C	120	5
144	U	120	6
145	A	120	2
146	A	120	4
147	C	120	5
148	A	120	3
149	G	120	3
150	A	120	3
151	A	120	1
152	A	120	1
153	A	120	1
154	G	120	4
155	U	120	4
156	A	120	4
157	G	120	3
158	A	120	2
159	A	120	0
160	A	120	2
161	G	120	5
162	G	120	5
163	C	120	6
164	G	120	4
165	A	120	3
166	G	120	2
167	C	120	1
168	A	120	3
169	A	120	4
170	G	120	2
171	A	120	2
172	G	120	4
173	A	120	4
174	A	120	3
175	A	120	2
176	A	120	2
177	U	120	1
178	U	120	3
179	U	120	2
180	C	120	2
181	A	120	1
182	C	120	2
183	U	120	2
184	A	120	0
185	A	120	0
186	A	120	0
187	C	120	2
188	G	120	3
189	G	120	2
190	A	120	1
191	U	120	1
192	A	120	1
193	A	120	2
194	G	120	2
195	U	120	4
196	C	120	3
197	U	120	3
198	A	120	3
199	U	120	2
200	U	120	3
201	U	120	2
202	U	120	2
203	U	120	2
204	C	120	2
205	U	120	3
206	U	120	3
207	U	120	3
208	U	120	3
209	U	120	3
210	U	120	4
211	U	120	4
212	G	120	5
213	C	120	4
214	U	120	4
215	U	120	3
216	A	120	1
217	A	120	1
218	A	120	1
219	U	120	2
220	A	120	2
221	C	120	1
222	A	120	0
223	A	120	1
224	U	120	3
225	C	120	3
226	G	120	4
227	U	120	3
228	A	120	2
229	U	120	2
230	C	120	2
231	A	120	3
232	U	120	3
233	U	120	3
234	U	120	3
235	G	120	3
236	U	120	4
237	G	120	2
238	A	120	2
239	U	120	2
240	A	120	2
241	A	120	0
242	A	120	1
243	G	120	2
244	G	120	3
245	C	120	3
246	A	120	2
247	A	120	2
248	A	120	2
249	U	120	2
250	A	120	1
251	A	120	0
252	G	120	1
253	A	120	2
254	U	120	2
255	A	120	1
256	C	120	1
257	C	120	1
258	G	120	1
259	A	120	2
260	U	120	2
261	A	120	0
262	A	120	0
263	U	120	2
264	A	120	2
265	U	120	3
266	U	120	3
267	U	120	3
268	G	120	5
269	C	120	5
270	C	120	3
271	A	120	0
272	A	120	0
273	G	120	3
274	G	120	6
275	C	120	7
276	C	120	3
277	G	120	1
278	U	120	3
279	A	120	3
280	G	120	5
281	C	120	5
282	A	120	4
283	A	120	4
284	G	120	5
285	G	120	6
286	A	120	5
287	G	120	4
288	U	120	3
289	U	120	2
290	C	120	1
291	C	120	1
292	U	120	1
293	G	120	1
294	A	120	2
295	U	120	2
296	G	120	3
297	A	120	2
298	C	120	2
299	U	120	3
300	U	120	2
301	A	120	2
302	G	120	1
303	U	120	2
304	U	120	2
305	G	120	1
306	A	120	0
307	U	120	0
308	A	120	0
309	A	120	0
310	A	120	0
311	U	120	0
312	G	120	1
313	A	120	2
314	C	120	2
315	U	120	2
316	A	120	3
317	G	120	3
318	U	120	1
319	C	120	2
320	G	120	2
321	U	120	2
322	G	120	1
323	A	120	2
324	G	120	3
325	A	120	2
326	G	120	2
327	A	120	3
328	A	120	3
329	U	120	4
330	C	120	5
331	G	120	2
332	A	120	2
333	A	120	2
334	A	120	4
335	C	120	5
336	U	120	4
337	A	120	5
338	G	120	6
339	A	120	4
340	G	120	7
341	U	120	7
342	U	120	6
343	G	120	4
344	U	120	5
345	C	120	5
346	G	120	6
347	C	120	5
348	A	120	5
349	A	120	5
350	G	120	6
351	G	120	4
352	C	120	4
353	C	120	4
354	A	120	0
355	A	120	0
356	A	120	0
357	A	120	0
358	A	120	0
359	A	120	1
360	G	120	2
361	A	120	2
362	G	120	2
363	A	120	2
364	U	120	2
365	A	120	0
366	G	120	2
367	G	120	3
368	C	120	3
369	U	120	4
370	A	120	3
371	A	120	3
372	G	120	4
373	A	120	4
374	U	120	3
375	U	120	5
376	U	120	5
377	C	120	6
378	A	120	2
379	U	120	4
380	U	120	5
381	G	120	4
382	U	120	5
383	U	120	4
384	A	120	4
385	A	120	2
386	A	120	1
387	A	120	1
388	A	120	2
389	A	120	3
390	U	120	4
391	U	120	4
392	U	120	4
393	U	120	3
394	U	120	3
395	G	120	2
396	A	120	1
397	A	120	1
398	U	120	0
399	A	120	1
400	G	120	5
401	G	120	5
402	U	120	5
403	U	120	5
404	U	120	4
405	U	120	3
406	U	120	4
407	U	120	4
408	C	120	3
409	A	120	3
410	U	120	4
411	G	120	5
412	C	120	7
413	U	120	7
414	U	120	5
415	U	120	5
416	A	120	3
417	A	120	2
418	G	120	3
419	U	120	3
420	A	120	1
421	U	120	1
422	A	120	1
423	G	120	2
424	C	120	2
425	A	120	1
426	U	120	2
427	A	120	2
428	A	120	2
429	A	120	3
430	G	120	3
431	C	120	2
432	A	120	2
433	G	120	2
434	G	120	2
435	C	120	4
436	U	120	3
437	A	120	0
438	U	120	3
439	U	120	3
440	G	120	3
441	U	120	4
442	G	120	6
443	C	120	6
444	U	120	5
445	A	120	4
446	U	120	3
447	A	120	2
448	C	120	3
449	U	120	5
450	A	120	5
451	G	120	5
452	U	120	5
453	A	120	3
454	A	120	1
455	G	120	2
456	G	120	2
457	U	120	2
458	U	120	2
459	G	120	2
460	A	120	3
461	A	120	4
462	U	120	3
463	G	120	4
464	A	120	4
465	A	120	4
466	U	120	3
467	C	120	2
468	A	120	2
469	A	120	3
470	C	120	3
471	C	120	3
472	C	120	2
473	U	120	3
474	U	120	3
475	G	120	4
476	G	120	5
477	U	120	5
478	G	120	3
479	C	120	2
480	U	120	3
481	U	120	5
482	A	120	4
483	G	120	5
484	C	120	6
485	U	120	3
486	U	120	2
487	C	120	1
488	U	120	1
489	U	120	1
490	U	120	1
491	C	120	1
492	A	120	1
493	C	120	1
494	C	120	1
495	A	120	2
496	A	120	3
497	G	120	4
498	C	120	3
499	A	120	3
500	U	120	1
501	A	120	1
502	U	120	1
503	U	120	1
504	A	120	1
505	C	120	1
506	A	120	1
507	C	120	2
508	G	120	4
509	C	120	3
510	G	120	4
511	G	120	5
512	A	120	3
513	U	120	3
514	A	120	3
515	A	120	0
516	C	120	2
517	C	120	3
518	G	120	3
519	C	120	3
520	C	120	3
521	A	120	5
522	A	120	4
523	A	120	6
524	G	120	9
525	G	120	6
526	A	120	3
527	G	120	5
528	A	120	3
529	A	120	2
530	A	120	3
531	A	120	4
532	G	120	8
533	A	120	7
534	U	120	8
535	G	120	7
536	A	120	4
537	A	120	1
538	A	120	1
539	A	120	0
540	A	120	0
541	A	120	1
542	U	120	2
543	U	120	2
544	A	120	1
545	A	120	1
546	C	120	2
547	U	120	3
548	A	120	3
549	U	120	3
550	U	120	3
551	C	120	3
552	G	120	4
553	U	120	4
554	G	120	3
555	A	120	2
556	U	120	2
557	G	120	3
558	U	120	2
559	U	120	2
560	G	120	3
561	C	120	2
562	A	120	2
563	G	120	1
564	A	120	1
565	U	120	1
566	A	120	1
567	U	120	0
568	U	120	1
569	G	120	2
570	C	120	3
571	A	120	3
572	A	120	2
573	U	120	1
574	C	120	2
575	G	120	2
576	U	120	1
577	C	120	2
578	G	120	2
579	C	120	1
580	U	120	3
581	G	120	4
582	C	120	4
583	U	120	6
584	A	120	4
585	U	120	3
586	C	120	3
587	U	120	5
588	A	120	3
589	C	120	8
590	G	120	6
591	U	120	7
592	C	120	7
593	G	120	4
594	U	120	4
595	U	120	4
596	U	120	6
597	U	120	7
598	G	120	6
599	A	120	4
600	C	120	3
601	U	120	4
602	G	120	4
603	U	120	3
604	C	120	1
605	A	120	2
606	C	120	3
607	A	120	2
608	C	120	4
609	C	120	4
610	G	120	6
611	C	120	3
612	C	120	0
613	C	120	2
614	C	120	3
615	U	120	2
616	A	120	0
617	A	120	1
618	A	120	1
619	U	120	1
620	G	120	5
621	C	120	6
622	C	120	4
623	A	120	4
624	U	120	5
625	C	120	4
626	A	120	3
627	G	120	3
628	C	120	3
629	U	120	2
630	A	120	3
631	U	120	6
632	G	120	7
633	G	120	7
634	U	120	5
635	G	120	6
636	C	120	2
637	U	120	3
638	U	120	3
639	A	120	2
640	U	120	2
641	C	120	3
642	A	120	2
643	G	120	2
644	U	120	3
645	U	120	3
646	U	120	2
647	C	120	3
648	G	120	4
649	U	120	4
650	A	120	3
651	U	120	0
652	U	120	1
653	U	120	1
654	C	120	1
655	A	120	1
656	G	120	4
657	A	120	3
658	A	120	2
659	A	120	4
660	U	120	5
661	G	120	5
662	A	120	5
663	U	120	5
664	G	120	5
665	A	120	3
666	A	120	3
667	C	120	4
668	U	120	2
669	U	120	4
670	U	120	3
671	A	120	4
672	U	120	6
673	G	120	5
674	G	120	4
675	C	120	4
676	U	120	3
677	U	120	1
678	U	120	1
679	U	120	1
680	U	120	3
681	A	120	3
682	C	120	5
683	A	120	3
684	A	120	2
685	U	120	3
686	C	120	4
687	C	120	4
688	U	120	3
689	A	120	6
690	A	120	7
691	G	120	10
692	U	120	9
693	A	120	7
694	C	120	8
695	A	120	6
696	U	120	7
697	C	120	7
698	A	120	7
699	U	120	6
700	C	120	7
701	G	120	10
702	G	120	15
703	A	120	9
704	G	120	11
705	U	120	6
706	U	120	7
707	A	120	6
708	C	120	7
709	C	120	6
710	A	120	4
711	U	120	6
712	C	120	7
713	G	120	8
714	G	120	8
715	U	120	6
716	U	120	4
717	G	120	4
718	U	120	3
719	A	120	3
720	U	120	3
721	G	120	4
722	A	120	5
723	U	120	3
724	U	120	2
725	G	120	5
726	C	120	4
727	U	120	3
728	A	120	3
729	A	120	2
730	U	120	1
731	U	120	0
732	U	120	0
733	C	120	1
734	U	120	1
735	U	120	2
736	U	120	2
737	A	120	2
738	G	120	2
739	C	120	2
740	U	120	0
741	U	120	1
742	C	120	1
743	G	120	3
744	G	120	3
745	A	120	5
746	C	120	5
747	U	120	3
748	G	120	6
749	C	120	5
750	U	120	5
751	A	120	5
752	G	120	6
753	A	120	5
754	U	120	3
755	G	120	7
756	U	120	5
757	C	120	6
758	U	120	6
759	U	120	4
760	U	120	4
761	G	120	4
762	U	120	7
763	U	120	8
764	G	120	8
765	G	120	7
766	U	120	6
767	G	120	9
768	G	120	8
769	U	120	7
770	G	120	5
771	G	120	7
772	U	120	7
773	U	120	5
774	C	120	5
775	A	120	3
776	A	120	5
777	C	120	5
778	C	120	6
779	U	120	3
780	U	120	2
781	A	120	2
782	G	120	4
783	U	120	2
784	A	120	3
785	U	120	1
786	U	120	2
787	C	120	4
788	C	120	5
789	U	120	4
790	C	120	3
791	A	120	3
792	G	120	5
793	U	120	4
794	U	120	3
795	U	120	3
796	A	120	8
797	G	120	8
798	G	120	10
799	U	120	7
800	G	120	7
801	U	120	5
802	U	120	5
803	U	120	4
804	G	120	5
805	G	120	8
806	C	120	6
807	U	120	4
808	U	120	5
809	U	120	2
810	U	120	2
811	U	120	2
812	G	120	3
813	C	120	3
814	A	120	1
815	A	120	1
816	A	120	1
817	A	120	2
818	U	120	2
819	A	120	2
820	U	120	2
821	A	120	3
822	G	120	4
823	C	120	4
824	A	120	3
825	A	120	4
826	G	120	7
827	G	120	7
828	A	120	6
829	U	120	2
830	U	120	2
831	A	120	2
832	C	120	4
833	C	120	3
834	U	120	2
835	C	120	1
836	U	120	1
837	U	120	2
838	U	120	2
839	A	120	1
840	A	120	1
841	C	120	2
842	G	120	4
843	G	120	4
844	A	120	4
845	U	120	1
846	U	120	2
847	G	120	4
848	A	120	4
849	U	120	4
850	U	120	4
851	C	120	2
852	G	120	2
853	A	120	1
854	A	120	3
855	A	120	3
856	A	120	3
857	G	120	4
858	A	120	4
859	U	120	1
860	C	120	2
861	A	120	2
862	U	120	1
863	U	120	2
864	U	120	2
865	C	120	1
866	U	120	0
867	U	120	1
868	C	120	1
869	U	120	1
870	U	120	1
871	U	120	1
872	U	120	2
873	C	120	2
874	A	120	2
875	A	120	2
876	U	120	3
877	C	120	3
878	C	120	2
879	U	120	0
880	C	120	0
881	U	120	1
882	U	119	0
883	U	118	1
884	U	117	2
885	C	116	2
886	A	115	2
887	A	114	1
888	U	113	1
889	U	112	1
890	U	111	2
891	C	110	3
892	C	109	5
893	A	108	4
894	U	107	4
895	G	106	5
896	U	105	6
897	U	104	3
898	U	103	2
899	A	102	4
900	C	101	4
901	U	100	5
902	A	99	4
903	U	98	3
904	C	97	2
905	G	96	4
906	C	95	4
907	U	94	5
908	G	93	3
909	C	92	3
910	A	91	3
911	G	90	5
912	A	89	5
913	G	88	5
914	U	87	4
915	U	86	3
916	A	85	3
917	A	84	3
918	A	83	3
919	U	82	3
920	A	81	1
921	U	80	2
922	U	79	2
923	G	78	2
924	U	77	1
925	A	76	2
926	G	75	2
927	C	74	2
928	A	73	2
929	G	72	2
930	A	71	2
931	A	70	1
932	U	69	2
933	U	68	1
934	A	67	2
935	C	66	2
936	C	65	2
937	A	64	2
938	U	63	1
939	U	62	1
940	C	61	1
941	U	60	2
942	U	59	2
943	C	58	2
944	C	57	2
945	U	56	1
946	U	55	0
947	A	54	1
948	C	53	1
949	U	52	1
950	U	51	4
951	G	50	4
952	G	49	3
953	U	48	2
954	U	47	0
955	U	46	0
956	A	45	1
957	C	44	2
958	A	43	2
959	A	42	1
960	C	41	0
961	A	40	1
962	G	39	2
963	G	38	2
964	A	37	2
965	A	36	2
966	U	35	0
967	C	34	0
968	G	33	2
969	G	32	2
970	U	31	3
971	G	30	3
972	A	29	3
973	A	28	2
974	U	27	2
975	U	26	1
976	U	25	2
977	G	24	2
978	C	23	1
979	U	22	1
980	U	21	0
981	C	20	1
982	A	19	2
983	U	18	2
984	U	17	2
985	G	16	2
986	A	15	2
987	U	14	1
988	U	13	1
989	A	12	1
990	U	11	1
991	U	10	1
992	G	9	2
993	G	8	1
994	A	7	2
995	G	6	1
996	C	5	1
997	G	4	1
998	A	3	1
999	U	2	1
1000	U	1	0
